<?xml version="1.0" encoding="UTF-8"?>
<testng-results ignored="3" total="4" passed="1" failed="0" skipped="0">
  <reporter-output>
  </reporter-output>
  <suite started-at="2025-07-30T09:52:58 IST" name="mysuite" finished-at="2025-07-30T09:53:02 IST" duration-ms="3799">
    <groups>
    </groups>
    <test started-at="2025-07-30T09:52:58 IST" name="mytest" finished-at="2025-07-30T09:53:02 IST" duration-ms="3799">
      <class name="testscript.LoginTest">
        <test-method is-config="true" signature="initialiseBrowser(java.lang.String)[pri:0, instance:testscript.LoginTest@37313c65]" started-at="2025-07-30T09:52:58 IST" name="initialiseBrowser" finished-at="2025-07-30T09:53:01 IST" duration-ms="2120" status="PASS">
          <params>
            <param index="0">
              <value>
                <![CDATA[chrome]]>
              </value>
            </param>
          </params>
          <reporter-output>
          </reporter-output>
        </test-method> <!-- initialiseBrowser -->
        <test-method signature="verifyLoginwithvalidcredentials()[pri:0, instance:testscript.LoginTest@37313c65]" started-at="2025-07-30T09:53:01 IST" name="verifyLoginwithvalidcredentials" finished-at="2025-07-30T09:53:02 IST" duration-ms="1614" status="PASS">
          <reporter-output>
          </reporter-output>
        </test-method> <!-- verifyLoginwithvalidcredentials -->
        <test-method is-config="true" signature="driverQuit(org.testng.ITestResult)[pri:0, instance:testscript.LoginTest@37313c65]" started-at="2025-07-30T09:53:02 IST" name="driverQuit" finished-at="2025-07-30T09:53:02 IST" duration-ms="4" status="PASS">
          <params>
            <param index="0">
              <value>
                <![CDATA[[TestResult name=verifyLoginwithvalidcredentials status=SUCCESS method=LoginTest.verifyLoginwithvalidcredentials()[pri:0, instance:testscript.LoginTest@37313c65] output={null}]]]>
              </value>
            </param>
          </params>
          <reporter-output>
          </reporter-output>
        </test-method> <!-- driverQuit -->
      </class> <!-- testscript.LoginTest -->
    </test> <!-- mytest -->
  </suite> <!-- mysuite -->
</testng-results>
