<?xml version="1.0" encoding="UTF-8"?>
<!-- Generated by org.testng.reporters.JUnitXMLReporter -->
<testsuite ignored="3" hostname="LAPTOP-0DGRR6PP" failures="0" tests="1" name="mytest" time="3.799" errors="0" timestamp="2025-07-30T09:53:02 IST">
  <testcase classname="testscript.LoginTest" name="verifyLoginwithvalidcredentials" time="1.614"/>
  <testcase classname="testscript.LoginTest" name="verifyLoginWithInValidUsernameAndvalidPassword" time="0.0">
    <ignored/>
  </testcase> <!-- verifyLoginWithInValidUsernameAndvalidPassword -->
  <testcase classname="testscript.LoginTest" name="verifyLoginWithValidUsernameAndInvalidPassword" time="0.0">
    <ignored/>
  </testcase> <!-- verifyLoginWithValidUsernameAndInvalidPassword -->
  <testcase classname="testscript.LoginTest" name="verifyLoginWithInValidcredentials" time="0.0">
    <ignored/>
  </testcase> <!-- verifyLoginWithInValidcredentials -->
</testsuite> <!-- mytest -->
